<?xml version="1.0" encoding="UTF-8"?>
<!-- Generated by org.testng.reporters.JUnitXMLReporter -->
<testsuite hostname="DESKTOP-U9MPDTF" ignored="3" name="Test" tests="1" failures="0" timestamp="2021-05-08T14:34:21 EET" time="6.318" errors="0">
  <testcase name="findElementsByCssSelector" time="0.042" classname="testDeepFindElements.FindElements"/>
  <testcase name="findElementsByID" time="0.0" classname="testDeepFindElements.FindElements">
    <ignored/>
  </testcase> <!-- findElementsByID -->
  <testcase name="findElementsByClassName" time="0.0" classname="testDeepFindElements.FindElements">
    <ignored/>
  </testcase> <!-- findElementsByClassName -->
  <testcase name="findElementsByTagName" time="0.0" classname="testDeepFindElements.FindElements">
    <ignored/>
  </testcase> <!-- findElementsByTagName -->
</testsuite> <!-- Test -->
